<?xml version="1.0" encoding="UTF-8"?>
<!-- Generated by org.testng.reporters.JUnitReportReporter -->
<testsuite skipped="0" hostname="Arun-HP" name="cucumberOptions.TestRunner" tests="1" failures="0" timestamp="13 Apr 2019 22:49:50 GMT" time="25.016" errors="1">
  <testcase name="feature" time="25.016" classname="cucumberOptions.TestRunner">
    <error type="cucumber.runtime.CucumberException" message="java.lang.Error: Unresolved compilation problems: 
	Cannot instantiate the type LandingPage
	The method popupsize() is undefined for the type LandingPage
	The method popup() is undefined for the type LandingPage
	The method login() is undefined for the type LandingPage
">
      <![CDATA[cucumber.runtime.CucumberException: java.lang.Error: Unresolved compilation problems: 
Cannot instantiate the type LandingPage
The method popupsize() is undefined for the type LandingPage
The method popup() is undefined for the type LandingPage
The method login() is undefined for the type LandingPage

at cucumber.api.testng.TestNGCucumberRunner.runCucumber(TestNGCucumberRunner.java:69)
at cucumber.api.testng.AbstractTestNGCucumberTests.feature(AbstractTestNGCucumberTests.java:21)
at sun.reflect.NativeMethodAccessorImpl.invoke0(Native Method)
at sun.reflect.NativeMethodAccessorImpl.invoke(Unknown Source)
at sun.reflect.DelegatingMethodAccessorImpl.invoke(Unknown Source)
at java.lang.reflect.Method.invoke(Unknown Source)
at org.testng.internal.MethodInvocationHelper.invokeMethod(MethodInvocationHelper.java:124)
at org.testng.internal.Invoker.invokeMethod(Invoker.java:583)
at org.testng.internal.Invoker.invokeTestMethod(Invoker.java:719)
at org.testng.internal.Invoker.invokeTestMethods(Invoker.java:989)
at org.testng.internal.TestMethodWorker.invokeTestMethods(TestMethodWorker.java:125)
at org.testng.internal.TestMethodWorker.run(TestMethodWorker.java:109)
at org.testng.TestRunner.privateRun(TestRunner.java:648)
at org.testng.TestRunner.run(TestRunner.java:505)
at org.testng.SuiteRunner.runTest(SuiteRunner.java:455)
at org.testng.SuiteRunner.runSequentially(SuiteRunner.java:450)
at org.testng.SuiteRunner.privateRun(SuiteRunner.java:415)
at org.testng.SuiteRunner.run(SuiteRunner.java:364)
at org.testng.SuiteRunnerWorker.runSuite(SuiteRunnerWorker.java:52)
at org.testng.SuiteRunnerWorker.run(SuiteRunnerWorker.java:84)
at org.testng.TestNG.runSuitesSequentially(TestNG.java:1208)
at org.testng.TestNG.runSuitesLocally(TestNG.java:1137)
at org.testng.TestNG.runSuites(TestNG.java:1049)
at org.testng.TestNG.run(TestNG.java:1017)
at org.testng.remote.AbstractRemoteTestNG.run(AbstractRemoteTestNG.java:115)
at org.testng.remote.RemoteTestNG.initAndRun(RemoteTestNG.java:251)
at org.testng.remote.RemoteTestNG.main(RemoteTestNG.java:77)
Caused by: java.lang.Error: Unresolved compilation problems: 
Cannot instantiate the type LandingPage
The method popupsize() is undefined for the type LandingPage
The method popup() is undefined for the type LandingPage
The method login() is undefined for the type LandingPage

at stepDefinations.StepDefinations.click_on_login_limnk_in_homepage_to_land_on_signin_page(StepDefinations.java:31)
at âœ½.And Click on login limnk in homepage to land on signin page(login.feature:6)
]]>
    </error>
  </testcase> <!-- feature -->
</testsuite> <!-- cucumberOptions.TestRunner -->
