<?xml version="1.0" encoding="UTF-8"?>
<!-- Generated by org.testng.reporters.JUnitXMLReporter -->
<testsuite hostname="Arun-HP" ignored="0" name="Test" tests="1" failures="1" timestamp="13 Apr 2019 22:49:50 GMT" time="25.998" errors="0">
  <testcase name="feature" time="25.016" classname="cucumber.api.testng.AbstractTestNGCucumberTests">
    <failure type="cucumber.runtime.CucumberException" message="java.lang.Error: Unresolved compilation problems: 
	Cannot instantiate the type LandingPage
	The method popupsize() is undefined for the type LandingPage
	The method popup() is undefined for the type LandingPage
	The method login() is undefined for the type LandingPage
">
      <![CDATA[cucumber.runtime.CucumberException: java.lang.Error: Unresolved compilation problems: 
Cannot instantiate the type LandingPage
The method popupsize() is undefined for the type LandingPage
The method popup() is undefined for the type LandingPage
The method login() is undefined for the type LandingPage

at cucumber.api.testng.TestNGCucumberRunner.runCucumber(TestNGCucumberRunner.java:69)
at cucumber.api.testng.AbstractTestNGCucumberTests.feature(AbstractTestNGCucumberTests.java:21)
Caused by: java.lang.Error: Unresolved compilation problems: 
Cannot instantiate the type LandingPage
The method popupsize() is undefined for the type LandingPage
The method popup() is undefined for the type LandingPage
The method login() is undefined for the type LandingPage

at stepDefinations.StepDefinations.click_on_login_limnk_in_homepage_to_land_on_signin_page(StepDefinations.java:31)
at âœ½.And Click on login limnk in homepage to land on signin page(login.feature:6)
... Removed 25 stack frames]]>
    </failure>
  </testcase> <!-- feature -->
</testsuite> <!-- Test -->
